=== MULTITEMER SERVER RUNNING ON PORT 3000 ===
Local Access: http://localhost:3000
To play, connect devices to the same network and navigate to http://YOUR_IP:3000
User connected: RpYF9Auw84hlLpKkAAAB
User connected: JUReUkv5V9vwDgmxAAAD
Room created: 410655 by host: JUReUkv5V9vwDgmxAAAD
User connected: -F43Fdh_F0LFBKjrAAAF
Player Lazza joined room 410655
User disconnected: RpYF9Auw84hlLpKkAAAB
User connected: dD3iQOvO2BhkqSBQAAAH
User disconnected: dD3iQOvO2BhkqSBQAAAH
User connected: eEWFLHeX_x2yqz6eAAAJ
Player Bra joined room 410655
User connected: f4vvcOqSBIBg5P-oAAAL
User disconnected: f4vvcOqSBIBg5P-oAAAL
User connected: MGeF5QrbIOGlQ3JwAAAN
User disconnected: MGeF5QrbIOGlQ3JwAAAN
User connected: MRVJAgKIKCngAsyyAAAP
User disconnected: MRVJAgKIKCngAsyyAAAP
User connected: CPLahIgLKX6Jc28NAAAR
User disconnected: CPLahIgLKX6Jc28NAAAR
User connected: 4BLk_oQSv2XKU-v4AAAT
User disconnected: 4BLk_oQSv2XKU-v4AAAT
User connected: 96qQxd-cB9-utjn1AAAV
User disconnected: 96qQxd-cB9-utjn1AAAV
User connected: 0bvGO3JeJdIzaWNlAAAX
User disconnected: 0bvGO3JeJdIzaWNlAAAX
User connected: HTBTfJ37DjXzld4rAAAZ
User disconnected: HTBTfJ37DjXzld4rAAAZ
User disconnected: eEWFLHeX_x2yqz6eAAAJ
Player Bra left room 410655
User disconnected: JUReUkv5V9vwDgmxAAAD
Host disconnected, deleting room 410655
